<?xml version="1.0" encoding="UTF-8"?>
<testng-results ignored="0" total="1" passed="1" failed="0" skipped="0">
  <reporter-output>
  </reporter-output>
  <suite started-at="2020-02-13T12:50:23 IST" name="Default suite" finished-at="2020-02-13T12:50:42 IST" duration-ms="19551">
    <groups>
    </groups>
    <test started-at="2020-02-13T12:50:23 IST" name="Default test" finished-at="2020-02-13T12:50:42 IST" duration-ms="19551">
      <class name="com.atmecs.Yatra">
        <test-method signature="Travel()[pri:0, instance:com.atmecs.Yatra@1df82230]" started-at="2020-02-13T12:50:23 IST" name="Travel" finished-at="2020-02-13T12:50:42 IST" duration-ms="19502" status="PASS">
          <reporter-output>
          </reporter-output>
        </test-method> <!-- Travel -->
      </class> <!-- com.atmecs.Yatra -->
    </test> <!-- Default test -->
  </suite> <!-- Default suite -->
</testng-results>
